> Task :compileJava UP-TO-DATE
> Task :processResources NO-SOURCE
> Task :classes UP-TO-DATE

> Task :run FAILED
Exception in thread "main" java.awt.HeadlessException:
No X11 DISPLAY variable was set,
or no headful library support was found,
but this program performed an operation which requires it,

	at java.desktop/java.awt.GraphicsEnvironment.checkHeadless(GraphicsEnvironment.java:164)
	at java.desktop/java.awt.Window.<init>(Window.java:553)
	at java.desktop/java.awt.Frame.<init>(Frame.java:428)
	at java.desktop/javax.swing.JFrame.<init>(JFrame.java:224)
	at com.jordan.blockstacker.Display.<init>(Display.java:28)
	at com.jordan.blockstacker.Main.main(Main.java:11)

FAILURE: Build failed with an exception.

* What went wrong:
Execution failed for task ':run'.
> Process 'command '/usr/lib/jvm/java-21-openjdk-amd64/bin/java'' finished with non-zero exit value 1

* Try:
> Run with --stacktrace option to get the stack trace.
> Run with --info or --debug option to get more log output.
> Run with --scan to get full insights.
> Get more help at https://help.gradle.org.

BUILD FAILED in 1s
2 actionable tasks: 1 executed, 1 up-to-date
